[21-May-2017 20:51:14 UTC] PHP Warning:  mysqli::mysqli(): (HY000/1049): Unknown database 'laboratorios' in /home/ubuntu/workspace/modelo/conexion.php on line 21
[21-May-2017 20:51:14 UTC] PHP Stack trace:
[21-May-2017 20:51:14 UTC] PHP   1. {main}() /home/ubuntu/workspace/controlador/login.php:0
[21-May-2017 20:51:14 UTC] PHP   2. Conexion->conectar() /home/ubuntu/workspace/controlador/login.php:10
[21-May-2017 20:51:14 UTC] PHP   3. mysqli->mysqli() /home/ubuntu/workspace/modelo/conexion.php:21
[21-May-2017 20:51:15 UTC] PHP Warning:  mysqli::mysqli(): (HY000/1049): Unknown database 'laboratorios' in /home/ubuntu/workspace/modelo/conexion.php on line 21
[21-May-2017 20:51:15 UTC] PHP Stack trace:
[21-May-2017 20:51:15 UTC] PHP   1. {main}() /home/ubuntu/workspace/controlador/login.php:0
[21-May-2017 20:51:15 UTC] PHP   2. Conexion->conectar() /home/ubuntu/workspace/controlador/login.php:10
[21-May-2017 20:51:15 UTC] PHP   3. mysqli->mysqli() /home/ubuntu/workspace/modelo/conexion.php:21
[21-May-2017 20:53:11 UTC] PHP Warning:  mysqli::mysqli(): (HY000/1049): Unknown database 'laboratorios' in /home/ubuntu/workspace/modelo/conexion.php on line 21
[21-May-2017 20:53:11 UTC] PHP Stack trace:
[21-May-2017 20:53:11 UTC] PHP   1. {main}() /home/ubuntu/workspace/controlador/login.php:0
[21-May-2017 20:53:11 UTC] PHP   2. Conexion->conectar() /home/ubuntu/workspace/controlador/login.php:10
[21-May-2017 20:53:11 UTC] PHP   3. mysqli->mysqli() /home/ubuntu/workspace/modelo/conexion.php:21
[21-May-2017 20:55:18 UTC] PHP Warning:  mysqli::mysqli(): (HY000/1049): Unknown database 'laboratorios' in /home/ubuntu/workspace/modelo/conexion.php on line 21
[21-May-2017 20:55:18 UTC] PHP Stack trace:
[21-May-2017 20:55:18 UTC] PHP   1. {main}() /home/ubuntu/workspace/controlador/login.php:0
[21-May-2017 20:55:18 UTC] PHP   2. Conexion->conectar() /home/ubuntu/workspace/controlador/login.php:10
[21-May-2017 20:55:18 UTC] PHP   3. mysqli->mysqli() /home/ubuntu/workspace/modelo/conexion.php:21
[21-May-2017 20:57:08 UTC] PHP Warning:  mysqli::mysqli(): (HY000/1049): Unknown database 'laboratorios' in /home/ubuntu/workspace/modelo/conexion.php on line 21
[21-May-2017 20:57:08 UTC] PHP Stack trace:
[21-May-2017 20:57:08 UTC] PHP   1. {main}() /home/ubuntu/workspace/controlador/login.php:0
[21-May-2017 20:57:08 UTC] PHP   2. Conexion->conectar() /home/ubuntu/workspace/controlador/login.php:10
[21-May-2017 20:57:08 UTC] PHP   3. mysqli->mysqli() /home/ubuntu/workspace/modelo/conexion.php:21
[21-May-2017 21:22:17 UTC] PHP Warning:  mysqli_num_rows() expects parameter 1 to be mysqli_result, boolean given in /home/ubuntu/workspace/modelo/conexion.php on line 42
[21-May-2017 21:22:17 UTC] PHP Stack trace:
[21-May-2017 21:22:17 UTC] PHP   1. {main}() /home/ubuntu/workspace/controlador/login.php:0
[21-May-2017 21:22:17 UTC] PHP   2. Conexion->loguearse() /home/ubuntu/workspace/controlador/login.php:11
[21-May-2017 21:22:17 UTC] PHP   3. mysqli_num_rows() /home/ubuntu/workspace/modelo/conexion.php:42
[21-May-2017 21:27:14 UTC] PHP Warning:  mysqli_num_rows() expects parameter 1 to be mysqli_result, boolean given in /home/ubuntu/workspace/modelo/conexion.php on line 42
[21-May-2017 21:27:14 UTC] PHP Stack trace:
[21-May-2017 21:27:14 UTC] PHP   1. {main}() /home/ubuntu/workspace/controlador/login.php:0
[21-May-2017 21:27:14 UTC] PHP   2. Conexion->loguearse() /home/ubuntu/workspace/controlador/login.php:11
[21-May-2017 21:27:14 UTC] PHP   3. mysqli_num_rows() /home/ubuntu/workspace/modelo/conexion.php:42
[21-May-2017 21:28:15 UTC] PHP Warning:  mysqli_num_rows() expects parameter 1 to be mysqli_result, boolean given in /home/ubuntu/workspace/modelo/conexion.php on line 42
[21-May-2017 21:28:15 UTC] PHP Stack trace:
[21-May-2017 21:28:15 UTC] PHP   1. {main}() /home/ubuntu/workspace/controlador/login.php:0
[21-May-2017 21:28:15 UTC] PHP   2. Conexion->loguearse() /home/ubuntu/workspace/controlador/login.php:11
[21-May-2017 21:28:15 UTC] PHP   3. mysqli_num_rows() /home/ubuntu/workspace/modelo/conexion.php:42
[21-May-2017 21:31:02 UTC] PHP Warning:  mysqli_num_rows() expects parameter 1 to be mysqli_result, boolean given in /home/ubuntu/workspace/modelo/conexion.php on line 42
[21-May-2017 21:31:02 UTC] PHP Stack trace:
[21-May-2017 21:31:02 UTC] PHP   1. {main}() /home/ubuntu/workspace/controlador/login.php:0
[21-May-2017 21:31:02 UTC] PHP   2. Conexion->loguearse() /home/ubuntu/workspace/controlador/login.php:11
[21-May-2017 21:31:02 UTC] PHP   3. mysqli_num_rows() /home/ubuntu/workspace/modelo/conexion.php:42
[21-May-2017 21:31:12 UTC] PHP Warning:  mysqli_num_rows() expects parameter 1 to be mysqli_result, boolean given in /home/ubuntu/workspace/modelo/conexion.php on line 42
[21-May-2017 21:31:12 UTC] PHP Stack trace:
[21-May-2017 21:31:12 UTC] PHP   1. {main}() /home/ubuntu/workspace/controlador/login.php:0
[21-May-2017 21:31:12 UTC] PHP   2. Conexion->loguearse() /home/ubuntu/workspace/controlador/login.php:11
[21-May-2017 21:31:12 UTC] PHP   3. mysqli_num_rows() /home/ubuntu/workspace/modelo/conexion.php:42
[21-May-2017 21:31:12 UTC] PHP Warning:  mysqli_num_rows() expects parameter 1 to be mysqli_result, boolean given in /home/ubuntu/workspace/modelo/conexion.php on line 42
[21-May-2017 21:31:12 UTC] PHP Stack trace:
[21-May-2017 21:31:12 UTC] PHP   1. {main}() /home/ubuntu/workspace/controlador/login.php:0
[21-May-2017 21:31:12 UTC] PHP   2. Conexion->loguearse() /home/ubuntu/workspace/controlador/login.php:11
[21-May-2017 21:31:12 UTC] PHP   3. mysqli_num_rows() /home/ubuntu/workspace/modelo/conexion.php:42
[21-May-2017 21:31:12 UTC] PHP Warning:  mysqli_num_rows() expects parameter 1 to be mysqli_result, boolean given in /home/ubuntu/workspace/modelo/conexion.php on line 42
[21-May-2017 21:31:12 UTC] PHP Stack trace:
[21-May-2017 21:31:12 UTC] PHP   1. {main}() /home/ubuntu/workspace/controlador/login.php:0
[21-May-2017 21:31:12 UTC] PHP   2. Conexion->loguearse() /home/ubuntu/workspace/controlador/login.php:11
[21-May-2017 21:31:12 UTC] PHP   3. mysqli_num_rows() /home/ubuntu/workspace/modelo/conexion.php:42
[21-May-2017 21:31:12 UTC] PHP Warning:  mysqli_num_rows() expects parameter 1 to be mysqli_result, boolean given in /home/ubuntu/workspace/modelo/conexion.php on line 42
[21-May-2017 21:31:12 UTC] PHP Stack trace:
[21-May-2017 21:31:12 UTC] PHP   1. {main}() /home/ubuntu/workspace/controlador/login.php:0
[21-May-2017 21:31:12 UTC] PHP   2. Conexion->loguearse() /home/ubuntu/workspace/controlador/login.php:11
[21-May-2017 21:31:12 UTC] PHP   3. mysqli_num_rows() /home/ubuntu/workspace/modelo/conexion.php:42
[21-May-2017 21:33:45 UTC] PHP Warning:  mysqli_num_rows() expects parameter 1 to be mysqli_result, boolean given in /home/ubuntu/workspace/modelo/conexion.php on line 42
[21-May-2017 21:33:45 UTC] PHP Stack trace:
[21-May-2017 21:33:45 UTC] PHP   1. {main}() /home/ubuntu/workspace/controlador/login.php:0
[21-May-2017 21:33:45 UTC] PHP   2. Conexion->loguearse() /home/ubuntu/workspace/controlador/login.php:11
[21-May-2017 21:33:45 UTC] PHP   3. mysqli_num_rows() /home/ubuntu/workspace/modelo/conexion.php:42
[21-May-2017 21:34:10 UTC] PHP Warning:  mysqli_num_rows() expects parameter 1 to be mysqli_result, boolean given in /home/ubuntu/workspace/modelo/conexion.php on line 42
[21-May-2017 21:34:10 UTC] PHP Stack trace:
[21-May-2017 21:34:10 UTC] PHP   1. {main}() /home/ubuntu/workspace/controlador/login.php:0
[21-May-2017 21:34:10 UTC] PHP   2. Conexion->loguearse() /home/ubuntu/workspace/controlador/login.php:11
[21-May-2017 21:34:10 UTC] PHP   3. mysqli_num_rows() /home/ubuntu/workspace/modelo/conexion.php:42
[21-May-2017 21:34:16 UTC] PHP Warning:  mysqli_num_rows() expects parameter 1 to be mysqli_result, boolean given in /home/ubuntu/workspace/modelo/conexion.php on line 42
[21-May-2017 21:34:16 UTC] PHP Stack trace:
[21-May-2017 21:34:16 UTC] PHP   1. {main}() /home/ubuntu/workspace/controlador/login.php:0
[21-May-2017 21:34:16 UTC] PHP   2. Conexion->loguearse() /home/ubuntu/workspace/controlador/login.php:11
[21-May-2017 21:34:16 UTC] PHP   3. mysqli_num_rows() /home/ubuntu/workspace/modelo/conexion.php:42
[21-May-2017 21:34:33 UTC] PHP Warning:  mysqli_num_rows() expects parameter 1 to be mysqli_result, boolean given in /home/ubuntu/workspace/modelo/conexion.php on line 42
[21-May-2017 21:34:33 UTC] PHP Stack trace:
[21-May-2017 21:34:33 UTC] PHP   1. {main}() /home/ubuntu/workspace/controlador/login.php:0
[21-May-2017 21:34:33 UTC] PHP   2. Conexion->loguearse() /home/ubuntu/workspace/controlador/login.php:11
[21-May-2017 21:34:33 UTC] PHP   3. mysqli_num_rows() /home/ubuntu/workspace/modelo/conexion.php:42
[21-May-2017 21:36:06 UTC] PHP Warning:  mysqli_num_rows() expects parameter 1 to be mysqli_result, boolean given in /home/ubuntu/workspace/modelo/conexion.php on line 42
[21-May-2017 21:36:06 UTC] PHP Stack trace:
[21-May-2017 21:36:06 UTC] PHP   1. {main}() /home/ubuntu/workspace/controlador/login.php:0
[21-May-2017 21:36:06 UTC] PHP   2. Conexion->loguearse() /home/ubuntu/workspace/controlador/login.php:11
[21-May-2017 21:36:06 UTC] PHP   3. mysqli_num_rows() /home/ubuntu/workspace/modelo/conexion.php:42
[21-May-2017 21:38:09 UTC] PHP Warning:  mysqli_fetch_object() expects parameter 1 to be mysqli_result, boolean given in /home/ubuntu/workspace/modelo/conexion.php on line 44
[21-May-2017 21:38:09 UTC] PHP Stack trace:
[21-May-2017 21:38:09 UTC] PHP   1. {main}() /home/ubuntu/workspace/controlador/login.php:0
[21-May-2017 21:38:09 UTC] PHP   2. Conexion->loguearse() /home/ubuntu/workspace/controlador/login.php:11
[21-May-2017 21:38:09 UTC] PHP   3. mysqli_fetch_object() /home/ubuntu/workspace/modelo/conexion.php:44
[21-May-2017 21:43:36 UTC] PHP Warning:  mysqli_num_rows() expects parameter 1 to be mysqli_result, boolean given in /home/ubuntu/workspace/modelo/conexion.php on line 42
[21-May-2017 21:43:36 UTC] PHP Stack trace:
[21-May-2017 21:43:36 UTC] PHP   1. {main}() /home/ubuntu/workspace/controlador/login.php:0
[21-May-2017 21:43:36 UTC] PHP   2. Conexion->loguearse() /home/ubuntu/workspace/controlador/login.php:11
[21-May-2017 21:43:36 UTC] PHP   3. mysqli_num_rows() /home/ubuntu/workspace/modelo/conexion.php:42
[21-May-2017 21:46:10 UTC] PHP Warning:  mysqli_num_rows() expects parameter 1 to be mysqli_result, boolean given in /home/ubuntu/workspace/modelo/conexion.php on line 42
[21-May-2017 21:46:10 UTC] PHP Stack trace:
[21-May-2017 21:46:10 UTC] PHP   1. {main}() /home/ubuntu/workspace/controlador/login.php:0
[21-May-2017 21:46:10 UTC] PHP   2. Conexion->loguearse() /home/ubuntu/workspace/controlador/login.php:11
[21-May-2017 21:46:10 UTC] PHP   3. mysqli_num_rows() /home/ubuntu/workspace/modelo/conexion.php:42
[21-May-2017 21:48:03 UTC] PHP Warning:  mysqli_num_rows() expects parameter 1 to be mysqli_result, boolean given in /home/ubuntu/workspace/modelo/conexion.php on line 42
[21-May-2017 21:48:03 UTC] PHP Stack trace:
[21-May-2017 21:48:03 UTC] PHP   1. {main}() /home/ubuntu/workspace/controlador/login.php:0
[21-May-2017 21:48:03 UTC] PHP   2. Conexion->loguearse() /home/ubuntu/workspace/controlador/login.php:11
[21-May-2017 21:48:03 UTC] PHP   3. mysqli_num_rows() /home/ubuntu/workspace/modelo/conexion.php:42
[21-May-2017 21:49:17 UTC] PHP Warning:  mysqli_num_rows() expects parameter 1 to be mysqli_result, boolean given in /home/ubuntu/workspace/modelo/conexion.php on line 42
[21-May-2017 21:49:17 UTC] PHP Stack trace:
[21-May-2017 21:49:17 UTC] PHP   1. {main}() /home/ubuntu/workspace/controlador/login.php:0
[21-May-2017 21:49:17 UTC] PHP   2. Conexion->loguearse() /home/ubuntu/workspace/controlador/login.php:11
[21-May-2017 21:49:17 UTC] PHP   3. mysqli_num_rows() /home/ubuntu/workspace/modelo/conexion.php:42
[21-May-2017 21:52:54 UTC] PHP Warning:  mysqli_num_rows() expects parameter 1 to be mysqli_result, boolean given in /home/ubuntu/workspace/modelo/conexion.php on line 42
[21-May-2017 21:52:54 UTC] PHP Stack trace:
[21-May-2017 21:52:54 UTC] PHP   1. {main}() /home/ubuntu/workspace/controlador/login.php:0
[21-May-2017 21:52:54 UTC] PHP   2. Conexion->loguearse() /home/ubuntu/workspace/controlador/login.php:11
[21-May-2017 21:52:54 UTC] PHP   3. mysqli_num_rows() /home/ubuntu/workspace/modelo/conexion.php:42
[21-May-2017 21:57:19 UTC] PHP Warning:  mysqli_fetch_object() expects parameter 1 to be mysqli_result, boolean given in /home/ubuntu/workspace/modelo/conexion.php on line 42
[21-May-2017 21:57:19 UTC] PHP Stack trace:
[21-May-2017 21:57:19 UTC] PHP   1. {main}() /home/ubuntu/workspace/controlador/login.php:0
[21-May-2017 21:57:19 UTC] PHP   2. Conexion->loguearse() /home/ubuntu/workspace/controlador/login.php:11
[21-May-2017 21:57:19 UTC] PHP   3. mysqli_fetch_object() /home/ubuntu/workspace/modelo/conexion.php:42
[21-May-2017 22:00:01 UTC] PHP Warning:  mysqli_num_rows() expects parameter 1 to be mysqli_result, boolean given in /home/ubuntu/workspace/modelo/conexion.php on line 42
[21-May-2017 22:00:01 UTC] PHP Stack trace:
[21-May-2017 22:00:01 UTC] PHP   1. {main}() /home/ubuntu/workspace/controlador/login.php:0
[21-May-2017 22:00:01 UTC] PHP   2. Conexion->loguearse() /home/ubuntu/workspace/controlador/login.php:11
[21-May-2017 22:00:01 UTC] PHP   3. mysqli_num_rows() /home/ubuntu/workspace/modelo/conexion.php:42
[21-May-2017 22:00:36 UTC] PHP Warning:  mysqli_num_rows() expects parameter 1 to be mysqli_result, boolean given in /home/ubuntu/workspace/modelo/conexion.php on line 42
[21-May-2017 22:00:36 UTC] PHP Stack trace:
[21-May-2017 22:00:36 UTC] PHP   1. {main}() /home/ubuntu/workspace/controlador/login.php:0
[21-May-2017 22:00:36 UTC] PHP   2. Conexion->loguearse() /home/ubuntu/workspace/controlador/login.php:11
[21-May-2017 22:00:36 UTC] PHP   3. mysqli_num_rows() /home/ubuntu/workspace/modelo/conexion.php:42
[21-May-2017 22:05:19 UTC] PHP Warning:  mysqli_num_rows() expects parameter 1 to be mysqli_result, boolean given in /home/ubuntu/workspace/modelo/conexion.php on line 42
[21-May-2017 22:05:19 UTC] PHP Stack trace:
[21-May-2017 22:05:19 UTC] PHP   1. {main}() /home/ubuntu/workspace/controlador/login.php:0
[21-May-2017 22:05:19 UTC] PHP   2. Conexion->loguearse() /home/ubuntu/workspace/controlador/login.php:11
[21-May-2017 22:05:19 UTC] PHP   3. mysqli_num_rows() /home/ubuntu/workspace/modelo/conexion.php:42
[21-May-2017 22:07:10 UTC] PHP Warning:  mysqli_num_rows() expects parameter 1 to be mysqli_result, boolean given in /home/ubuntu/workspace/modelo/conexion.php on line 42
[21-May-2017 22:07:10 UTC] PHP Stack trace:
[21-May-2017 22:07:10 UTC] PHP   1. {main}() /home/ubuntu/workspace/controlador/login.php:0
[21-May-2017 22:07:10 UTC] PHP   2. Conexion->loguearse() /home/ubuntu/workspace/controlador/login.php:11
[21-May-2017 22:07:10 UTC] PHP   3. mysqli_num_rows() /home/ubuntu/workspace/modelo/conexion.php:42
[21-May-2017 22:13:31 UTC] PHP Warning:  mysqli_num_rows() expects parameter 1 to be mysqli_result, boolean given in /home/ubuntu/workspace/modelo/conexion.php on line 40
[21-May-2017 22:13:31 UTC] PHP Stack trace:
[21-May-2017 22:13:31 UTC] PHP   1. {main}() /home/ubuntu/workspace/controlador/login.php:0
[21-May-2017 22:13:31 UTC] PHP   2. Conexion->loguearse() /home/ubuntu/workspace/controlador/login.php:11
[21-May-2017 22:13:31 UTC] PHP   3. mysqli_num_rows() /home/ubuntu/workspace/modelo/conexion.php:40
[21-May-2017 22:14:37 UTC] PHP Warning:  mysqli_num_rows() expects parameter 1 to be mysqli_result, boolean given in /home/ubuntu/workspace/modelo/conexion.php on line 40
[21-May-2017 22:14:37 UTC] PHP Stack trace:
[21-May-2017 22:14:37 UTC] PHP   1. {main}() /home/ubuntu/workspace/controlador/login.php:0
[21-May-2017 22:14:37 UTC] PHP   2. Conexion->loguearse() /home/ubuntu/workspace/controlador/login.php:11
[21-May-2017 22:14:37 UTC] PHP   3. mysqli_num_rows() /home/ubuntu/workspace/modelo/conexion.php:40
[21-May-2017 22:15:31 UTC] PHP Warning:  mysqli_num_rows() expects parameter 1 to be mysqli_result, boolean given in /home/ubuntu/workspace/modelo/conexion.php on line 40
[21-May-2017 22:15:31 UTC] PHP Stack trace:
[21-May-2017 22:15:31 UTC] PHP   1. {main}() /home/ubuntu/workspace/controlador/login.php:0
[21-May-2017 22:15:31 UTC] PHP   2. Conexion->loguearse() /home/ubuntu/workspace/controlador/login.php:11
[21-May-2017 22:15:31 UTC] PHP   3. mysqli_num_rows() /home/ubuntu/workspace/modelo/conexion.php:40
[21-May-2017 22:16:12 UTC] PHP Warning:  mysqli_num_rows() expects parameter 1 to be mysqli_result, boolean given in /home/ubuntu/workspace/modelo/conexion.php on line 40
[21-May-2017 22:16:12 UTC] PHP Stack trace:
[21-May-2017 22:16:12 UTC] PHP   1. {main}() /home/ubuntu/workspace/controlador/login.php:0
[21-May-2017 22:16:12 UTC] PHP   2. Conexion->loguearse() /home/ubuntu/workspace/controlador/login.php:11
[21-May-2017 22:16:12 UTC] PHP   3. mysqli_num_rows() /home/ubuntu/workspace/modelo/conexion.php:40
[21-May-2017 22:18:56 UTC] PHP Warning:  mysqli_num_rows() expects parameter 1 to be mysqli_result, boolean given in /home/ubuntu/workspace/modelo/conexion.php on line 40
[21-May-2017 22:18:56 UTC] PHP Stack trace:
[21-May-2017 22:18:56 UTC] PHP   1. {main}() /home/ubuntu/workspace/controlador/login.php:0
[21-May-2017 22:18:56 UTC] PHP   2. Conexion->loguearse() /home/ubuntu/workspace/controlador/login.php:11
[21-May-2017 22:18:56 UTC] PHP   3. mysqli_num_rows() /home/ubuntu/workspace/modelo/conexion.php:40
[21-May-2017 22:21:10 UTC] PHP Warning:  mysqli_num_rows() expects parameter 1 to be mysqli_result, boolean given in /home/ubuntu/workspace/modelo/conexion.php on line 40
[21-May-2017 22:21:10 UTC] PHP Stack trace:
[21-May-2017 22:21:10 UTC] PHP   1. {main}() /home/ubuntu/workspace/controlador/login.php:0
[21-May-2017 22:21:10 UTC] PHP   2. Conexion->loguearse() /home/ubuntu/workspace/controlador/login.php:11
[21-May-2017 22:21:10 UTC] PHP   3. mysqli_num_rows() /home/ubuntu/workspace/modelo/conexion.php:40
[21-May-2017 22:24:13 UTC] PHP Warning:  mysqli_num_rows() expects parameter 1 to be mysqli_result, boolean given in /home/ubuntu/workspace/modelo/conexion.php on line 40
[21-May-2017 22:24:13 UTC] PHP Stack trace:
[21-May-2017 22:24:13 UTC] PHP   1. {main}() /home/ubuntu/workspace/controlador/login.php:0
[21-May-2017 22:24:13 UTC] PHP   2. Conexion->loguearse() /home/ubuntu/workspace/controlador/login.php:11
[21-May-2017 22:24:13 UTC] PHP   3. mysqli_num_rows() /home/ubuntu/workspace/modelo/conexion.php:40
[21-May-2017 22:35:22 UTC] PHP Warning:  mysqli_num_rows() expects parameter 1 to be mysqli_result, boolean given in /home/ubuntu/workspace/modelo/conexion.php on line 40
[21-May-2017 22:35:22 UTC] PHP Stack trace:
[21-May-2017 22:35:22 UTC] PHP   1. {main}() /home/ubuntu/workspace/controlador/login.php:0
[21-May-2017 22:35:22 UTC] PHP   2. Conexion->loguearse() /home/ubuntu/workspace/controlador/login.php:11
[21-May-2017 22:35:22 UTC] PHP   3. mysqli_num_rows() /home/ubuntu/workspace/modelo/conexion.php:40
[21-May-2017 22:39:12 UTC] PHP Warning:  mysqli_num_rows() expects parameter 1 to be mysqli_result, boolean given in /home/ubuntu/workspace/modelo/conexion.php on line 40
[21-May-2017 22:39:12 UTC] PHP Stack trace:
[21-May-2017 22:39:12 UTC] PHP   1. {main}() /home/ubuntu/workspace/controlador/login.php:0
[21-May-2017 22:39:12 UTC] PHP   2. Conexion->loguearse() /home/ubuntu/workspace/controlador/login.php:11
[21-May-2017 22:39:12 UTC] PHP   3. mysqli_num_rows() /home/ubuntu/workspace/modelo/conexion.php:40
[21-May-2017 22:40:22 UTC] PHP Warning:  mysqli_num_rows() expects parameter 1 to be mysqli_result, boolean given in /home/ubuntu/workspace/modelo/conexion.php on line 40
[21-May-2017 22:40:22 UTC] PHP Stack trace:
[21-May-2017 22:40:22 UTC] PHP   1. {main}() /home/ubuntu/workspace/controlador/login.php:0
[21-May-2017 22:40:22 UTC] PHP   2. Conexion->loguearse() /home/ubuntu/workspace/controlador/login.php:11
[21-May-2017 22:40:22 UTC] PHP   3. mysqli_num_rows() /home/ubuntu/workspace/modelo/conexion.php:40
[21-May-2017 22:40:54 UTC] PHP Warning:  mysqli_num_rows() expects parameter 1 to be mysqli_result, boolean given in /home/ubuntu/workspace/modelo/conexion.php on line 40
[21-May-2017 22:40:54 UTC] PHP Stack trace:
[21-May-2017 22:40:54 UTC] PHP   1. {main}() /home/ubuntu/workspace/controlador/login.php:0
[21-May-2017 22:40:54 UTC] PHP   2. Conexion->loguearse() /home/ubuntu/workspace/controlador/login.php:11
[21-May-2017 22:40:54 UTC] PHP   3. mysqli_num_rows() /home/ubuntu/workspace/modelo/conexion.php:40
[21-May-2017 23:00:33 UTC] PHP Catchable fatal error:  Object of class mysqli_result could not be converted to string in /home/ubuntu/workspace/modelo/conexion.php on line 38
[21-May-2017 23:00:33 UTC] PHP Stack trace:
[21-May-2017 23:00:33 UTC] PHP   1. {main}() /home/ubuntu/workspace/controlador/login.php:0
[21-May-2017 23:00:33 UTC] PHP   2. Conexion->loguearse() /home/ubuntu/workspace/controlador/login.php:11
[21-May-2017 23:01:51 UTC] PHP Catchable fatal error:  Object of class mysqli_result could not be converted to string in /home/ubuntu/workspace/modelo/conexion.php on line 38
[21-May-2017 23:01:51 UTC] PHP Stack trace:
[21-May-2017 23:01:51 UTC] PHP   1. {main}() /home/ubuntu/workspace/controlador/login.php:0
[21-May-2017 23:01:51 UTC] PHP   2. Conexion->loguearse() /home/ubuntu/workspace/controlador/login.php:11
[21-May-2017 23:02:22 UTC] PHP Warning:  json_decode() expects parameter 1 to be string, object given in /home/ubuntu/workspace/modelo/conexion.php on line 38
[21-May-2017 23:02:22 UTC] PHP Stack trace:
[21-May-2017 23:02:22 UTC] PHP   1. {main}() /home/ubuntu/workspace/controlador/login.php:0
[21-May-2017 23:02:22 UTC] PHP   2. Conexion->loguearse() /home/ubuntu/workspace/controlador/login.php:11
[21-May-2017 23:02:22 UTC] PHP   3. json_decode() /home/ubuntu/workspace/modelo/conexion.php:38
[21-May-2017 23:05:26 UTC] PHP Warning:  mysqli_num_rows() expects parameter 1 to be mysqli_result, boolean given in /home/ubuntu/workspace/modelo/conexion.php on line 40
[21-May-2017 23:05:26 UTC] PHP Stack trace:
[21-May-2017 23:05:26 UTC] PHP   1. {main}() /home/ubuntu/workspace/controlador/login.php:0
[21-May-2017 23:05:26 UTC] PHP   2. Conexion->loguearse() /home/ubuntu/workspace/controlador/login.php:11
[21-May-2017 23:05:26 UTC] PHP   3. mysqli_num_rows() /home/ubuntu/workspace/modelo/conexion.php:40
[21-May-2017 23:11:59 UTC] PHP Warning:  mysqli_num_rows() expects parameter 1 to be mysqli_result, boolean given in /home/ubuntu/workspace/modelo/conexion.php on line 40
[21-May-2017 23:11:59 UTC] PHP Stack trace:
[21-May-2017 23:11:59 UTC] PHP   1. {main}() /home/ubuntu/workspace/controlador/login.php:0
[21-May-2017 23:11:59 UTC] PHP   2. Conexion->loguearse() /home/ubuntu/workspace/controlador/login.php:11
[21-May-2017 23:11:59 UTC] PHP   3. mysqli_num_rows() /home/ubuntu/workspace/modelo/conexion.php:40
[21-May-2017 23:16:56 UTC] PHP Warning:  mysqli_num_rows() expects parameter 1 to be mysqli_result, boolean given in /home/ubuntu/workspace/modelo/conexion.php on line 40
[21-May-2017 23:16:56 UTC] PHP Stack trace:
[21-May-2017 23:16:56 UTC] PHP   1. {main}() /home/ubuntu/workspace/controlador/login.php:0
[21-May-2017 23:16:56 UTC] PHP   2. Conexion->loguearse() /home/ubuntu/workspace/controlador/login.php:11
[21-May-2017 23:16:56 UTC] PHP   3. mysqli_num_rows() /home/ubuntu/workspace/modelo/conexion.php:40
[21-May-2017 23:19:11 UTC] PHP Warning:  mysqli_num_rows() expects parameter 1 to be mysqli_result, boolean given in /home/ubuntu/workspace/modelo/conexion.php on line 40
[21-May-2017 23:19:11 UTC] PHP Stack trace:
[21-May-2017 23:19:11 UTC] PHP   1. {main}() /home/ubuntu/workspace/controlador/login.php:0
[21-May-2017 23:19:11 UTC] PHP   2. Conexion->loguearse() /home/ubuntu/workspace/controlador/login.php:11
[21-May-2017 23:19:11 UTC] PHP   3. mysqli_num_rows() /home/ubuntu/workspace/modelo/conexion.php:40
[21-May-2017 23:20:12 UTC] PHP Warning:  mysqli_num_rows() expects parameter 1 to be mysqli_result, boolean given in /home/ubuntu/workspace/modelo/conexion.php on line 40
[21-May-2017 23:20:12 UTC] PHP Stack trace:
[21-May-2017 23:20:12 UTC] PHP   1. {main}() /home/ubuntu/workspace/controlador/login.php:0
[21-May-2017 23:20:12 UTC] PHP   2. Conexion->loguearse() /home/ubuntu/workspace/controlador/login.php:11
[21-May-2017 23:20:12 UTC] PHP   3. mysqli_num_rows() /home/ubuntu/workspace/modelo/conexion.php:40
[21-May-2017 23:20:12 UTC] PHP Warning:  mysqli_num_rows() expects parameter 1 to be mysqli_result, boolean given in /home/ubuntu/workspace/modelo/conexion.php on line 40
[21-May-2017 23:20:12 UTC] PHP Stack trace:
[21-May-2017 23:20:12 UTC] PHP   1. {main}() /home/ubuntu/workspace/controlador/login.php:0
[21-May-2017 23:20:12 UTC] PHP   2. Conexion->loguearse() /home/ubuntu/workspace/controlador/login.php:11
[21-May-2017 23:20:12 UTC] PHP   3. mysqli_num_rows() /home/ubuntu/workspace/modelo/conexion.php:40
[21-May-2017 23:21:38 UTC] PHP Warning:  mysqli_num_rows() expects parameter 1 to be mysqli_result, boolean given in /home/ubuntu/workspace/modelo/conexion.php on line 40
[21-May-2017 23:21:38 UTC] PHP Stack trace:
[21-May-2017 23:21:38 UTC] PHP   1. {main}() /home/ubuntu/workspace/controlador/login.php:0
[21-May-2017 23:21:38 UTC] PHP   2. Conexion->loguearse() /home/ubuntu/workspace/controlador/login.php:11
[21-May-2017 23:21:38 UTC] PHP   3. mysqli_num_rows() /home/ubuntu/workspace/modelo/conexion.php:40
[21-May-2017 23:22:32 UTC] PHP Warning:  mysqli_num_rows() expects parameter 1 to be mysqli_result, boolean given in /home/ubuntu/workspace/modelo/conexion.php on line 40
[21-May-2017 23:22:32 UTC] PHP Stack trace:
[21-May-2017 23:22:32 UTC] PHP   1. {main}() /home/ubuntu/workspace/controlador/login.php:0
[21-May-2017 23:22:32 UTC] PHP   2. Conexion->loguearse() /home/ubuntu/workspace/controlador/login.php:11
[21-May-2017 23:22:32 UTC] PHP   3. mysqli_num_rows() /home/ubuntu/workspace/modelo/conexion.php:40
[21-May-2017 23:24:12 UTC] PHP Warning:  mysqli_num_rows() expects parameter 1 to be mysqli_result, boolean given in /home/ubuntu/workspace/modelo/conexion.php on line 41
[21-May-2017 23:24:12 UTC] PHP Stack trace:
[21-May-2017 23:24:12 UTC] PHP   1. {main}() /home/ubuntu/workspace/controlador/login.php:0
[21-May-2017 23:24:12 UTC] PHP   2. Conexion->loguearse() /home/ubuntu/workspace/controlador/login.php:11
[21-May-2017 23:24:12 UTC] PHP   3. mysqli_num_rows() /home/ubuntu/workspace/modelo/conexion.php:41
[21-May-2017 23:25:21 UTC] PHP Warning:  mysqli_num_rows() expects parameter 1 to be mysqli_result, boolean given in /home/ubuntu/workspace/modelo/conexion.php on line 42
[21-May-2017 23:25:21 UTC] PHP Stack trace:
[21-May-2017 23:25:21 UTC] PHP   1. {main}() /home/ubuntu/workspace/controlador/login.php:0
[21-May-2017 23:25:21 UTC] PHP   2. Conexion->loguearse() /home/ubuntu/workspace/controlador/login.php:11
[21-May-2017 23:25:21 UTC] PHP   3. mysqli_num_rows() /home/ubuntu/workspace/modelo/conexion.php:42
[21-May-2017 23:25:41 UTC] PHP Warning:  mysqli_num_rows() expects parameter 1 to be mysqli_result, boolean given in /home/ubuntu/workspace/modelo/conexion.php on line 42
[21-May-2017 23:25:41 UTC] PHP Stack trace:
[21-May-2017 23:25:41 UTC] PHP   1. {main}() /home/ubuntu/workspace/controlador/login.php:0
[21-May-2017 23:25:41 UTC] PHP   2. Conexion->loguearse() /home/ubuntu/workspace/controlador/login.php:11
[21-May-2017 23:25:41 UTC] PHP   3. mysqli_num_rows() /home/ubuntu/workspace/modelo/conexion.php:42
[21-May-2017 23:34:04 UTC] PHP Parse error:  syntax error, unexpected '$rs' (T_VARIABLE) in /home/ubuntu/workspace/modelo/conexion.php on line 37
[21-May-2017 23:34:04 UTC] PHP Stack trace:
[21-May-2017 23:34:04 UTC] PHP   1. {main}() /home/ubuntu/workspace/controlador/login.php:0
[21-May-2017 23:47:47 UTC] PHP Warning:  mysqli_num_rows() expects parameter 1 to be mysqli_result, boolean given in /home/ubuntu/workspace/modelo/conexion.php on line 40
[21-May-2017 23:47:47 UTC] PHP Stack trace:
[21-May-2017 23:47:47 UTC] PHP   1. {main}() /home/ubuntu/workspace/controlador/login.php:0
[21-May-2017 23:47:47 UTC] PHP   2. Conexion->loguearse() /home/ubuntu/workspace/controlador/login.php:11
[21-May-2017 23:47:47 UTC] PHP   3. mysqli_num_rows() /home/ubuntu/workspace/modelo/conexion.php:40
[21-May-2017 23:47:49 UTC] PHP Warning:  mysqli_num_rows() expects parameter 1 to be mysqli_result, boolean given in /home/ubuntu/workspace/modelo/conexion.php on line 40
[21-May-2017 23:47:49 UTC] PHP Stack trace:
[21-May-2017 23:47:49 UTC] PHP   1. {main}() /home/ubuntu/workspace/controlador/login.php:0
[21-May-2017 23:47:49 UTC] PHP   2. Conexion->loguearse() /home/ubuntu/workspace/controlador/login.php:11
[21-May-2017 23:47:49 UTC] PHP   3. mysqli_num_rows() /home/ubuntu/workspace/modelo/conexion.php:40
[21-May-2017 23:47:56 UTC] PHP Warning:  mysqli_num_rows() expects parameter 1 to be mysqli_result, boolean given in /home/ubuntu/workspace/modelo/conexion.php on line 40
[21-May-2017 23:47:56 UTC] PHP Stack trace:
[21-May-2017 23:47:56 UTC] PHP   1. {main}() /home/ubuntu/workspace/controlador/login.php:0
[21-May-2017 23:47:56 UTC] PHP   2. Conexion->loguearse() /home/ubuntu/workspace/controlador/login.php:11
[21-May-2017 23:47:56 UTC] PHP   3. mysqli_num_rows() /home/ubuntu/workspace/modelo/conexion.php:40
[23-May-2017 18:32:44 UTC] PHP Parse error:  syntax error, unexpected ')' in /home/ubuntu/workspace/vista/admin.php on line 3
[23-May-2017 19:03:33 UTC] PHP Fatal error:  Call to a member function close() on a non-object in /home/ubuntu/workspace/modelo/conexion.php on line 30
[23-May-2017 19:03:33 UTC] PHP Stack trace:
[23-May-2017 19:03:33 UTC] PHP   1. {main}() /home/ubuntu/workspace/vista/usuario.php:0
[23-May-2017 19:03:33 UTC] PHP   2. Conexion->cerrar() /home/ubuntu/workspace/vista/usuario.php:71
[23-May-2017 19:03:50 UTC] PHP Fatal error:  Call to a member function close() on a non-object in /home/ubuntu/workspace/modelo/conexion.php on line 30
[23-May-2017 19:03:50 UTC] PHP Stack trace:
[23-May-2017 19:03:50 UTC] PHP   1. {main}() /home/ubuntu/workspace/vista/usuario.php:0
[23-May-2017 19:03:50 UTC] PHP   2. Conexion->cerrar() /home/ubuntu/workspace/vista/usuario.php:71
[23-May-2017 19:05:44 UTC] PHP Fatal error:  Call to a member function close() on a non-object in /home/ubuntu/workspace/modelo/conexion.php on line 30
[23-May-2017 19:05:44 UTC] PHP Stack trace:
[23-May-2017 19:05:44 UTC] PHP   1. {main}() /home/ubuntu/workspace/vista/usuario.php:0
[23-May-2017 19:05:44 UTC] PHP   2. Conexion->cerrar() /home/ubuntu/workspace/vista/usuario.php:68
[23-May-2017 19:07:13 UTC] PHP Fatal error:  Call to undefined method stdClass::cerrar() in /home/ubuntu/workspace/vista/usuario.php on line 68
[23-May-2017 19:07:13 UTC] PHP Stack trace:
[23-May-2017 19:07:13 UTC] PHP   1. {main}() /home/ubuntu/workspace/vista/usuario.php:0
[23-May-2017 19:07:54 UTC] PHP Fatal error:  Call to undefined method stdClass::cerrar() in /home/ubuntu/workspace/vista/usuario.php on line 68
[23-May-2017 19:07:54 UTC] PHP Stack trace:
[23-May-2017 19:07:54 UTC] PHP   1. {main}() /home/ubuntu/workspace/vista/usuario.php:0
[23-May-2017 19:09:36 UTC] PHP Fatal error:  Call to undefined method stdClass::cerrar() in /home/ubuntu/workspace/vista/usuario.php on line 68
[23-May-2017 19:09:36 UTC] PHP Stack trace:
[23-May-2017 19:09:36 UTC] PHP   1. {main}() /home/ubuntu/workspace/vista/usuario.php:0
[23-May-2017 19:09:55 UTC] PHP Fatal error:  Call to undefined method stdClass::cerrar() in /home/ubuntu/workspace/vista/usuario.php on line 68
[23-May-2017 19:09:55 UTC] PHP Stack trace:
[23-May-2017 19:09:55 UTC] PHP   1. {main}() /home/ubuntu/workspace/vista/usuario.php:0
[23-May-2017 19:11:41 UTC] PHP Fatal error:  Call to undefined method stdClass::cerrar() in /home/ubuntu/workspace/vista/usuario.php on line 68
[23-May-2017 19:11:41 UTC] PHP Stack trace:
[23-May-2017 19:11:41 UTC] PHP   1. {main}() /home/ubuntu/workspace/vista/usuario.php:0
[23-May-2017 19:12:55 UTC] PHP Fatal error:  Call to undefined method stdClass::cerrar() in /home/ubuntu/workspace/vista/usuario.php on line 67
[23-May-2017 19:12:55 UTC] PHP Stack trace:
[23-May-2017 19:12:55 UTC] PHP   1. {main}() /home/ubuntu/workspace/vista/usuario.php:0
[23-May-2017 19:13:18 UTC] PHP Fatal error:  Call to undefined method stdClass::cerrar() in /home/ubuntu/workspace/vista/usuario.php on line 67
[23-May-2017 19:13:18 UTC] PHP Stack trace:
[23-May-2017 19:13:18 UTC] PHP   1. {main}() /home/ubuntu/workspace/vista/usuario.php:0
[23-May-2017 19:13:26 UTC] PHP Fatal error:  Call to undefined method stdClass::cerrar() in /home/ubuntu/workspace/vista/usuario.php on line 67
[23-May-2017 19:13:26 UTC] PHP Stack trace:
[23-May-2017 19:13:26 UTC] PHP   1. {main}() /home/ubuntu/workspace/vista/usuario.php:0
[23-May-2017 19:14:00 UTC] PHP Fatal error:  Call to undefined method stdClass::cerrar() in /home/ubuntu/workspace/vista/usuario.php on line 67
[23-May-2017 19:14:00 UTC] PHP Stack trace:
[23-May-2017 19:14:00 UTC] PHP   1. {main}() /home/ubuntu/workspace/vista/usuario.php:0
[23-May-2017 19:14:37 UTC] PHP Fatal error:  Call to undefined method stdClass::cerrar() in /home/ubuntu/workspace/vista/usuario.php on line 66
[23-May-2017 19:14:37 UTC] PHP Stack trace:
[23-May-2017 19:14:37 UTC] PHP   1. {main}() /home/ubuntu/workspace/vista/usuario.php:0
[23-May-2017 19:14:41 UTC] PHP Fatal error:  Call to undefined method stdClass::cerrar() in /home/ubuntu/workspace/vista/usuario.php on line 66
[23-May-2017 19:14:41 UTC] PHP Stack trace:
[23-May-2017 19:14:41 UTC] PHP   1. {main}() /home/ubuntu/workspace/vista/usuario.php:0
[23-May-2017 19:14:54 UTC] PHP Fatal error:  Call to undefined method stdClass::cerrar() in /home/ubuntu/workspace/vista/usuario.php on line 66
[23-May-2017 19:14:54 UTC] PHP Stack trace:
[23-May-2017 19:14:54 UTC] PHP   1. {main}() /home/ubuntu/workspace/vista/usuario.php:0
[23-May-2017 19:15:28 UTC] PHP Fatal error:  Call to a member function close() on a non-object in /home/ubuntu/workspace/modelo/conexion.php on line 30
[23-May-2017 19:15:28 UTC] PHP Stack trace:
[23-May-2017 19:15:28 UTC] PHP   1. {main}() /home/ubuntu/workspace/vista/usuario.php:0
[23-May-2017 19:15:28 UTC] PHP   2. Conexion->cerrar() /home/ubuntu/workspace/vista/usuario.php:66
[23-May-2017 19:16:22 UTC] PHP Fatal error:  Call to a member function close() on a non-object in /home/ubuntu/workspace/modelo/conexion.php on line 30
[23-May-2017 19:16:22 UTC] PHP Stack trace:
[23-May-2017 19:16:22 UTC] PHP   1. {main}() /home/ubuntu/workspace/vista/usuario.php:0
[23-May-2017 19:16:22 UTC] PHP   2. Conexion->cerrar() /home/ubuntu/workspace/vista/usuario.php:66
[23-May-2017 19:19:23 UTC] PHP Fatal error:  Cannot redeclare Conexion::mostrar() in /home/ubuntu/workspace/modelo/conexion.php on line 99
[23-May-2017 19:19:23 UTC] PHP Stack trace:
[23-May-2017 19:19:23 UTC] PHP   1. {main}() /home/ubuntu/workspace/vista/usuario.php:0
[23-May-2017 19:19:36 UTC] PHP Fatal error:  Cannot redeclare Conexion::mostrar() in /home/ubuntu/workspace/modelo/conexion.php on line 99
[23-May-2017 19:19:36 UTC] PHP Stack trace:
[23-May-2017 19:19:36 UTC] PHP   1. {main}() /home/ubuntu/workspace/vista/usuario.php:0
[23-May-2017 19:19:50 UTC] PHP Fatal error:  Cannot redeclare Conexion::mostrar() in /home/ubuntu/workspace/modelo/conexion.php on line 99
[23-May-2017 19:19:50 UTC] PHP Stack trace:
[23-May-2017 19:19:50 UTC] PHP   1. {main}() /home/ubuntu/workspace/controlador/login.php:0
[23-May-2017 19:19:55 UTC] PHP Fatal error:  Cannot redeclare Conexion::mostrar() in /home/ubuntu/workspace/modelo/conexion.php on line 99
[23-May-2017 19:19:55 UTC] PHP Stack trace:
[23-May-2017 19:19:55 UTC] PHP   1. {main}() /home/ubuntu/workspace/controlador/login.php:0
